Arguments: 
  D:\software\nodejs\node.exe D:\software\Yarn\bin\yarn.js

PATH: 
  D:\software\py\py27\;D:\software\py\py27\Scripts;D:\software\java\java8\bin;C:\Program Files (x86)\NVIDIA Corporation\PhysX\Common;C:\Program Files (x86)\Intel\iCLS Client\;C:\Program Files\Intel\iCLS Client\;C:\WINDOWS\system32;C:\WINDOWS;C:\WINDOWS\System32\Wbem;C:\WINDOWS\System32\WindowsPowerShell\v1.0\;C:\Program Files\Intel\Intel(R) Management Engine Components\DAL;C:\Program Files\Intel\Intel(R) Management Engine Components\IPT;C:\Program Files (x86)\Intel\Intel(R) Management Engine Components\DAL;C:\Program Files (x86)\Intel\Intel(R) Management Engine Components\IPT;D:\software\svn\bin;D:\software\MySQL Server 5.5\bin;D:\software\Microsoft VS Code\bin;C:\WINDOWS\System32\OpenSSH\;D:\software\Git\cmd;D:\software\Git\bin;D:\software\Git\mingw64\bin;D:\software\Git\usr\bin;D:\software\apache-maven-3.6.2\bin;C:\ProgramData\chocolatey\bin;C:\Python27;D:\software\nodejs\;D:\software\Yarn\bin\;C:\Users\huangpeng\AppData\Local\Microsoft\WindowsApps;D:\software\flutter\bin;D:\software\androidsdk\platform-tools;D:\software\androidsdk\tools;D:\software\androidsdk\build-tools\29.0.2;C:\Users\huangpeng\AppData\Roaming\npm;C:\Users\huangpeng\AppData\Local\Yarn\bin

Yarn version: 
  1.21.1

Node version: 
  10.18.1

Platform: 
  win32 x64

Trace: 
  SyntaxError: C:\Users\huangpeng\AppData\Local\Yarn\Cache\v6\npm-babel-plugin-transform-es2015-duplicate-keys-6.24.1-73eb3d310ca969e3ef9ec91c53741a6f1576423e-integrity\node_modules\babel-plugin-transform-es2015-duplicate-keys\.yarn-metadata.json: Unexpected end of JSON input
      at JSON.parse (<anonymous>)
      at D:\software\Yarn\lib\cli.js:1625:59
      at Generator.next (<anonymous>)
      at step (D:\software\Yarn\lib\cli.js:310:30)
      at D:\software\Yarn\lib\cli.js:321:13

npm manifest: 
  {
    "name": "pclient",
    "productName": "pclient",
    "version": "0.0.1",
    "author": "huangpeng",
    "description": "An electron-vue project",
    "license": null,
    "main": "./dist/electron/main.js",
    "scripts": {
      "build": "node .electron-vue/build.js",
      "build:darwin": "cross-env BUILD_TARGET=darwin node .electron-vue/build.js",
      "build:linux": "cross-env BUILD_TARGET=linux node .electron-vue/build.js",
      "build:mas": "cross-env BUILD_TARGET=mas node .electron-vue/build.js",
      "build:win32": "cross-env BUILD_TARGET=win32 node .electron-vue/build.js",
      "build:clean": "cross-env BUILD_TARGET=clean node .electron-vue/build.js",
      "build:web": "cross-env BUILD_TARGET=web node .electron-vue/build.js",
      "dev": "node .electron-vue/dev-runner.js",
      "pack": "npm run pack:main && npm run pack:renderer",
      "pack:main": "cross-env NODE_ENV=production webpack --progress --colors --config .electron-vue/webpack.main.config.js",
      "pack:renderer": "cross-env NODE_ENV=production webpack --progress --colors --config .electron-vue/webpack.renderer.config.js",
      "postinstall": ""
    },
    "dependencies": {
      "vue": "^2.5.16",
      "axios": "^0.18.0",
      "vue-electron": "^1.0.6",
      "vue-router": "^3.0.1",
      "vuex": "^3.0.1",
      "vuex-electron": "^1.0.0"
    },
    "devDependencies": {
      "ajv": "^6.5.0",
      "babel-core": "^6.26.3",
      "babel-loader": "^7.1.4",
      "babel-plugin-transform-runtime": "^6.23.0",
      "babel-preset-env": "^1.7.0",
      "babel-preset-stage-0": "^6.24.1",
      "babel-register": "^6.26.0",
      "babel-minify-webpack-plugin": "^0.3.1",
      "cfonts": "^2.1.2",
      "chalk": "^2.4.1",
      "copy-webpack-plugin": "^4.5.1",
      "cross-env": "^5.1.6",
      "css-loader": "^0.28.11",
      "del": "^3.0.0",
      "devtron": "^1.4.0",
      "electron": "^2.0.4",
      "electron-debug": "^1.5.0",
      "electron-devtools-installer": "^2.2.4",
      "electron-packager": "^12.1.0",
      "electron-rebuild": "^1.8.1",
      "mini-css-extract-plugin": "0.4.0",
      "file-loader": "^1.1.11",
      "html-webpack-plugin": "^3.2.0",
      "multispinner": "^0.2.1",
      "node-loader": "^0.6.0",
      "style-loader": "^0.21.0",
      "url-loader": "^1.0.1",
      "vue-html-loader": "^1.2.4",
      "vue-loader": "^15.2.4",
      "vue-style-loader": "^4.1.0",
      "vue-template-compiler": "^2.5.16",
      "webpack-cli": "^3.0.8",
      "webpack": "^4.15.1",
      "webpack-dev-server": "^3.1.4",
      "webpack-hot-middleware": "^2.22.2",
      "webpack-merge": "^4.1.3"
    }
  }

yarn manifest: 
  No manifest

Lockfile: 
  No lockfile
